<?xml version="1.0" encoding="UTF-8" ?>
<testsuites>
  <testsuite errors="0" failures="0" hostname="ARAR017399" id="0" name="RuleSpec" package="rules" skipped="0" tests="6" time="0.645" timestamp="2017-07-04T01:06:16">
      <properties />

      <testcase classname="rules.RuleSpec" name="test rule should reflect this: [ this.inputValue == &quot;03200&quot; ]" time="0.381" />

      <testcase classname="rules.RuleSpec" name="test rule should reflect this: [ this.inputValue == &quot;03200&quot; || this.inputValue == &quot;91820&quot; ]" time="0.044" />

      <testcase classname="rules.RuleSpec" name="test rule should reflect this: [ this.inputValue == &quot;03200&quot; || this.inputValue == &quot;91820&quot; || this.inputValue == &quot;05500&quot; ]" time="0.026" />

      <testcase classname="rules.RuleSpec" name="test rule should reflect this: [ (this.inputValue == &quot;03200&quot; || this.inputValue == &quot;91820&quot; || this.inputValue == &quot;05500&quot;) &amp;&amp; this.inputValue != &quot;00000&quot; ]" time="0.06" />

      <testcase classname="rules.RuleSpec" name="test rule should reflect this: [ (this.inputValue != &quot;03200&quot; &amp;&amp; this.inputValue != &quot;91820&quot; &amp;&amp; this.inputValue != &quot;05500&quot;) || this.inputValue == &quot;06600&quot; ]" time="0.031" />

      <testcase classname="rules.RuleSpec" name="test rule should reflect this: [ this.inputValue == &quot;03200&quot; || ( this.inputValue != &quot;00000&quot; &amp;&amp; this.inputValue != &quot;91820&quot;  ) || this.inputValue == &quot;05500&quot; ]" time="0.033" />

      <system-out><![CDATA[--Output from test rule should reflect this: [ this.inputValue == "03200" ]--
--Output from test rule should reflect this: [ this.inputValue == "03200" || this.inputValue == "91820" ]--
--Output from test rule should reflect this: [ this.inputValue == "03200" || this.inputValue == "91820" || this.inputValue == "05500" ]--
--Output from test rule should reflect this: [ (this.inputValue == "03200" || this.inputValue == "91820" || this.inputValue == "05500") && this.inputValue != "00000" ]--
--Output from test rule should reflect this: [ (this.inputValue != "03200" && this.inputValue != "91820" && this.inputValue != "05500") || this.inputValue == "06600" ]--
--Output from test rule should reflect this: [ this.inputValue == "03200" || ( this.inputValue != "00000" && this.inputValue != "91820"  ) || this.inputValue == "05500" ]--
]]></system-out>

      <system-err><![CDATA[--Output from test rule should reflect this: [ this.inputValue == "03200" ]--
--Output from test rule should reflect this: [ this.inputValue == "03200" || this.inputValue == "91820" ]--
--Output from test rule should reflect this: [ this.inputValue == "03200" || this.inputValue == "91820" || this.inputValue == "05500" ]--
--Output from test rule should reflect this: [ (this.inputValue == "03200" || this.inputValue == "91820" || this.inputValue == "05500") && this.inputValue != "00000" ]--
--Output from test rule should reflect this: [ (this.inputValue != "03200" && this.inputValue != "91820" && this.inputValue != "05500") || this.inputValue == "06600" ]--
--Output from test rule should reflect this: [ this.inputValue == "03200" || ( this.inputValue != "00000" && this.inputValue != "91820"  ) || this.inputValue == "05500" ]--
]]></system-err>

  </testsuite>
</testsuites>
